<?xml version="1.0" encoding="UTF-8"?>
<!-- Generated by org.testng.reporters.JUnitXMLReporter -->
<testsuite ignored="0" hostname="Vijay" failures="1" tests="1" name="AprilTest" time="1.267" errors="0" timestamp="2024-04-08T17:00:04 IST">
  <testcase classname="com.seleniumPractice.aprilSelenium" name="getcheckBoxTitle" time="1.144">
    <failure type="java.lang.NullPointerException" message="Cannot invoke &amp;quot;org.openqa.selenium.WebDriver.manage()&amp;quot; because &amp;quot;com.seleniumPractice.aprilSelenium.driver&amp;quot; is null">
      <![CDATA[java.lang.NullPointerException: Cannot invoke "org.openqa.selenium.WebDriver.manage()" because "com.seleniumPractice.aprilSelenium.driver" is null
at com.seleniumPractice.aprilSelenium.getcheckBoxTitle(aprilSelenium.java:15)
at java.base/java.util.ArrayList.forEach(ArrayList.java:1511)
... Removed 27 stack frames]]>
    </failure>
  </testcase> <!-- getcheckBoxTitle -->
</testsuite> <!-- AprilTest -->
