<?xml version="1.0" encoding="UTF-8"?>
<testng-results ignored="0" total="1" passed="1" failed="0" skipped="0">
  <reporter-output>
  </reporter-output>
  <suite started-at="2024-04-13T22:48:31 IST" name="Default suite" finished-at="2024-04-13T22:48:45 IST" duration-ms="13531">
    <groups>
    </groups>
    <test started-at="2024-04-13T22:48:31 IST" name="Default test" finished-at="2024-04-13T22:48:45 IST" duration-ms="13531">
      <class name="com.seleniumPractice.Xpath">
        <test-method signature="xpath()[pri:0, instance:com.seleniumPractice.Xpath@2b30a42c]" started-at="2024-04-13T22:48:31 IST" name="xpath" finished-at="2024-04-13T22:48:45 IST" duration-ms="13435" status="PASS">
          <reporter-output>
          </reporter-output>
        </test-method> <!-- xpath -->
      </class> <!-- com.seleniumPractice.Xpath -->
    </test> <!-- Default test -->
  </suite> <!-- Default suite -->
</testng-results>
